This file contains any messages produced by compilers while
running configure, to aid debugging if configure makes a mistake.

It was created by cpuminer-multi configure 1.3.3, which was
generated by GNU Autoconf 2.69.  Invocation command line was

  $ ./configure --with-crypto --with-curl CFLAGS=-O2  -Ofast -flto -fuse-linker-plugin -ftree-loop-if-convert-stores -march=native -DUSE_ASM -pg

## --------- ##
## Platform. ##
## --------- ##

hostname = vuongtrung-VirtualBox
uname -m = x86_64
uname -r = 4.13.0-37-generic
uname -s = Linux
uname -v = #42~16.04.1-Ubuntu SMP Wed Mar 7 16:03:28 UTC 2018

/usr/bin/uname -p = unknown
/bin/uname -X     = unknown

/bin/arch              = unknown
/usr/bin/arch -k       = unknown
/usr/convex/getsysinfo = unknown
/usr/bin/hostinfo      = unknown
/bin/machine           = unknown
/usr/bin/oslevel       = unknown
/bin/universe          = unknown

PATH: /usr/local/sbin
PATH: /usr/local/bin
PATH: /usr/sbin
PATH: /usr/bin
PATH: /sbin
PATH: /bin
PATH: /snap/bin


## ----------- ##
## Core tests. ##
## ----------- ##

configure:2398: checking build system type
configure:2412: result: x86_64-pc-linux-gnu
configure:2432: checking host system type
configure:2445: result: x86_64-pc-linux-gnu
configure:2465: checking target system type
configure:2478: result: x86_64-pc-linux-gnu
configure:2526: checking for a BSD-compatible install
configure:2594: result: /usr/bin/install -c
configure:2605: checking whether build environment is sane
configure:2660: result: yes
configure:2811: checking for a thread-safe mkdir -p
configure:2850: result: /bin/mkdir -p
configure:2857: checking for gawk
configure:2887: result: no
configure:2857: checking for mawk
configure:2873: found /usr/bin/mawk
configure:2884: result: mawk
configure:2895: checking whether make sets $(MAKE)
configure:2917: result: yes
configure:2946: checking whether make supports nested variables
configure:2963: result: yes
configure:3091: checking whether to enable maintainer-specific portions of Makefiles
configure:3100: result: no
configure:3126: checking for style of include used by make
configure:3154: result: GNU
configure:3225: checking for gcc
configure:3241: found /usr/bin/gcc
configure:3252: result: gcc
configure:3481: checking for C compiler version
configure:3490: gcc --version >&5
gcc (Ubuntu 5.4.0-6ubuntu1~16.04.9) 5.4.0 20160609
Copyright (C) 2015 Free Software Foundation, Inc.
This is free software; see the source for copying conditions.  There is NO
warranty; not even for MERCHANTABILITY or FITNESS FOR A PARTICULAR PURPOSE.

configure:3501: $? = 0
configure:3490: gcc -v >&5
Using built-in specs.
COLLECT_GCC=gcc
COLLECT_LTO_WRAPPER=/usr/lib/gcc/x86_64-linux-gnu/5/lto-wrapper
Target: x86_64-linux-gnu
Configured with: ../src/configure -v --with-pkgversion='Ubuntu 5.4.0-6ubuntu1~16.04.9' --with-bugurl=file:///usr/share/doc/gcc-5/README.Bugs --enable-languages=c,ada,c++,java,go,d,fortran,objc,obj-c++ --prefix=/usr --program-suffix=-5 --enable-shared --enable-linker-build-id --libexecdir=/usr/lib --without-included-gettext --enable-threads=posix --libdir=/usr/lib --enable-nls --with-sysroot=/ --enable-clocale=gnu --enable-libstdcxx-debug --enable-libstdcxx-time=yes --with-default-libstdcxx-abi=new --enable-gnu-unique-object --disable-vtable-verify --enable-libmpx --enable-plugin --with-system-zlib --disable-browser-plugin --enable-java-awt=gtk --enable-gtk-cairo --with-java-home=/usr/lib/jvm/java-1.5.0-gcj-5-amd64/jre --enable-java-home --with-jvm-root-dir=/usr/lib/jvm/java-1.5.0-gcj-5-amd64 --with-jvm-jar-dir=/usr/lib/jvm-exports/java-1.5.0-gcj-5-amd64 --with-arch-directory=amd64 --with-ecj-jar=/usr/share/java/eclipse-ecj.jar --enable-objc-gc --enable-multiarch --disable-werror --with-arch-32=i686 --with-abi=m64 --with-multilib-list=m32,m64,mx32 --enable-multilib --with-tune=generic --enable-checking=release --build=x86_64-linux-gnu --host=x86_64-linux-gnu --target=x86_64-linux-gnu
Thread model: posix
gcc version 5.4.0 20160609 (Ubuntu 5.4.0-6ubuntu1~16.04.9) 
configure:3501: $? = 0
configure:3490: gcc -V >&5
gcc: error: unrecognized command line option '-V'
gcc: fatal error: no input files
compilation terminated.
configure:3501: $? = 1
configure:3490: gcc -qversion >&5
gcc: error: unrecognized command line option '-qversion'
gcc: fatal error: no input files
compilation terminated.
configure:3501: $? = 1
configure:3521: checking whether the C compiler works
configure:3543: gcc -O2  -Ofast -flto -fuse-linker-plugin -ftree-loop-if-convert-stores -march=native -DUSE_ASM -pg   conftest.c  >&5
configure:3547: $? = 0
configure:3595: result: yes
configure:3598: checking for C compiler default output file name
configure:3600: result: a.out
configure:3606: checking for suffix of executables
configure:3613: gcc -o conftest -O2  -Ofast -flto -fuse-linker-plugin -ftree-loop-if-convert-stores -march=native -DUSE_ASM -pg   conftest.c  >&5
configure:3617: $? = 0
configure:3639: result: 
configure:3661: checking whether we are cross compiling
configure:3669: gcc -o conftest -O2  -Ofast -flto -fuse-linker-plugin -ftree-loop-if-convert-stores -march=native -DUSE_ASM -pg   conftest.c  >&5
configure:3673: $? = 0
configure:3680: ./conftest
configure:3684: $? = 0
configure:3699: result: no
configure:3704: checking for suffix of object files
configure:3726: gcc -c -O2  -Ofast -flto -fuse-linker-plugin -ftree-loop-if-convert-stores -march=native -DUSE_ASM -pg  conftest.c >&5
configure:3730: $? = 0
configure:3751: result: o
configure:3755: checking whether we are using the GNU C compiler
configure:3774: gcc -c -O2  -Ofast -flto -fuse-linker-plugin -ftree-loop-if-convert-stores -march=native -DUSE_ASM -pg  conftest.c >&5
configure:3774: $? = 0
configure:3783: result: yes
configure:3792: checking whether gcc accepts -g
configure:3812: gcc -c -g  conftest.c >&5
configure:3812: $? = 0
configure:3853: result: yes
configure:3870: checking for gcc option to accept ISO C89
configure:3933: gcc  -c -O2  -Ofast -flto -fuse-linker-plugin -ftree-loop-if-convert-stores -march=native -DUSE_ASM -pg  conftest.c >&5
configure:3933: $? = 0
configure:3946: result: none needed
configure:3971: checking whether gcc understands -c and -o together
configure:3993: gcc -c conftest.c -o conftest2.o
configure:3996: $? = 0
configure:3993: gcc -c conftest.c -o conftest2.o
configure:3996: $? = 0
configure:4008: result: yes
configure:4027: checking dependency style of gcc
configure:4138: result: gcc3
configure:4153: checking for gcc option to accept ISO C99
configure:4302: gcc  -c -O2  -Ofast -flto -fuse-linker-plugin -ftree-loop-if-convert-stores -march=native -DUSE_ASM -pg  conftest.c >&5
configure:4302: $? = 0
configure:4315: result: none needed
configure:4336: checking how to run the C preprocessor
configure:4367: gcc -E  conftest.c
configure:4367: $? = 0
configure:4381: gcc -E  conftest.c
conftest.c:11:28: fatal error: ac_nonexistent.h: No such file or directory
compilation terminated.
configure:4381: $? = 1
configure: failed program was:
| /* confdefs.h */
| #define PACKAGE_NAME "cpuminer-multi"
| #define PACKAGE_TARNAME "cpuminer-multi"
| #define PACKAGE_VERSION "1.3.3"
| #define PACKAGE_STRING "cpuminer-multi 1.3.3"
| #define PACKAGE_BUGREPORT ""
| #define PACKAGE_URL ""
| #define PACKAGE "cpuminer-multi"
| #define VERSION "1.3.3"
| /* end confdefs.h.  */
| #include <ac_nonexistent.h>
configure:4406: result: gcc -E
configure:4426: gcc -E  conftest.c
configure:4426: $? = 0
configure:4440: gcc -E  conftest.c
conftest.c:11:28: fatal error: ac_nonexistent.h: No such file or directory
compilation terminated.
configure:4440: $? = 1
configure: failed program was:
| /* confdefs.h */
| #define PACKAGE_NAME "cpuminer-multi"
| #define PACKAGE_TARNAME "cpuminer-multi"
| #define PACKAGE_VERSION "1.3.3"
| #define PACKAGE_STRING "cpuminer-multi 1.3.3"
| #define PACKAGE_BUGREPORT ""
| #define PACKAGE_URL ""
| #define PACKAGE "cpuminer-multi"
| #define VERSION "1.3.3"
| /* end confdefs.h.  */
| #include <ac_nonexistent.h>
configure:4469: checking for grep that handles long lines and -e
configure:4527: result: /bin/grep
configure:4532: checking for egrep
configure:4594: result: /bin/grep -E
configure:4600: checking whether gcc needs -traditional
configure:4634: result: no
configure:4651: checking dependency style of gcc
configure:4760: result: gcc3
configure:4818: checking for ranlib
configure:4834: found /usr/bin/ranlib
configure:4845: result: ranlib
configure:4925: checking for g++
configure:4941: found /usr/bin/g++
configure:4952: result: g++
configure:4979: checking for C++ compiler version
configure:4988: g++ --version >&5
g++ (Ubuntu 5.4.0-6ubuntu1~16.04.9) 5.4.0 20160609
Copyright (C) 2015 Free Software Foundation, Inc.
This is free software; see the source for copying conditions.  There is NO
warranty; not even for MERCHANTABILITY or FITNESS FOR A PARTICULAR PURPOSE.

configure:4999: $? = 0
configure:4988: g++ -v >&5
Using built-in specs.
COLLECT_GCC=g++
COLLECT_LTO_WRAPPER=/usr/lib/gcc/x86_64-linux-gnu/5/lto-wrapper
Target: x86_64-linux-gnu
Configured with: ../src/configure -v --with-pkgversion='Ubuntu 5.4.0-6ubuntu1~16.04.9' --with-bugurl=file:///usr/share/doc/gcc-5/README.Bugs --enable-languages=c,ada,c++,java,go,d,fortran,objc,obj-c++ --prefix=/usr --program-suffix=-5 --enable-shared --enable-linker-build-id --libexecdir=/usr/lib --without-included-gettext --enable-threads=posix --libdir=/usr/lib --enable-nls --with-sysroot=/ --enable-clocale=gnu --enable-libstdcxx-debug --enable-libstdcxx-time=yes --with-default-libstdcxx-abi=new --enable-gnu-unique-object --disable-vtable-verify --enable-libmpx --enable-plugin --with-system-zlib --disable-browser-plugin --enable-java-awt=gtk --enable-gtk-cairo --with-java-home=/usr/lib/jvm/java-1.5.0-gcj-5-amd64/jre --enable-java-home --with-jvm-root-dir=/usr/lib/jvm/java-1.5.0-gcj-5-amd64 --with-jvm-jar-dir=/usr/lib/jvm-exports/java-1.5.0-gcj-5-amd64 --with-arch-directory=amd64 --with-ecj-jar=/usr/share/java/eclipse-ecj.jar --enable-objc-gc --enable-multiarch --disable-werror --with-arch-32=i686 --with-abi=m64 --with-multilib-list=m32,m64,mx32 --enable-multilib --with-tune=generic --enable-checking=release --build=x86_64-linux-gnu --host=x86_64-linux-gnu --target=x86_64-linux-gnu
Thread model: posix
gcc version 5.4.0 20160609 (Ubuntu 5.4.0-6ubuntu1~16.04.9) 
configure:4999: $? = 0
configure:4988: g++ -V >&5
g++: error: unrecognized command line option '-V'
g++: fatal error: no input files
compilation terminated.
configure:4999: $? = 1
configure:4988: g++ -qversion >&5
g++: error: unrecognized command line option '-qversion'
g++: fatal error: no input files
compilation terminated.
configure:4999: $? = 1
configure:5003: checking whether we are using the GNU C++ compiler
configure:5022: g++ -c   conftest.cpp >&5
configure:5022: $? = 0
configure:5031: result: yes
configure:5040: checking whether g++ accepts -g
configure:5060: g++ -c -g  conftest.cpp >&5
configure:5060: $? = 0
configure:5101: result: yes
configure:5126: checking dependency style of g++
configure:5237: result: gcc3
configure:5253: checking for ANSI C header files
configure:5273: gcc -c -O2  -Ofast -flto -fuse-linker-plugin -ftree-loop-if-convert-stores -march=native -DUSE_ASM -pg  conftest.c >&5
configure:5273: $? = 0
configure:5346: gcc -o conftest -O2  -Ofast -flto -fuse-linker-plugin -ftree-loop-if-convert-stores -march=native -DUSE_ASM -pg   conftest.c  >&5
configure:5346: $? = 0
configure:5346: ./conftest
configure:5346: $? = 0
configure:5357: result: yes
configure:5370: checking for sys/types.h
configure:5370: gcc -c -O2  -Ofast -flto -fuse-linker-plugin -ftree-loop-if-convert-stores -march=native -DUSE_ASM -pg  conftest.c >&5
configure:5370: $? = 0
configure:5370: result: yes
configure:5370: checking for sys/stat.h
configure:5370: gcc -c -O2  -Ofast -flto -fuse-linker-plugin -ftree-loop-if-convert-stores -march=native -DUSE_ASM -pg  conftest.c >&5
configure:5370: $? = 0
configure:5370: result: yes
configure:5370: checking for stdlib.h
configure:5370: gcc -c -O2  -Ofast -flto -fuse-linker-plugin -ftree-loop-if-convert-stores -march=native -DUSE_ASM -pg  conftest.c >&5
configure:5370: $? = 0
configure:5370: result: yes
configure:5370: checking for string.h
configure:5370: gcc -c -O2  -Ofast -flto -fuse-linker-plugin -ftree-loop-if-convert-stores -march=native -DUSE_ASM -pg  conftest.c >&5
configure:5370: $? = 0
configure:5370: result: yes
configure:5370: checking for memory.h
configure:5370: gcc -c -O2  -Ofast -flto -fuse-linker-plugin -ftree-loop-if-convert-stores -march=native -DUSE_ASM -pg  conftest.c >&5
configure:5370: $? = 0
configure:5370: result: yes
configure:5370: checking for strings.h
configure:5370: gcc -c -O2  -Ofast -flto -fuse-linker-plugin -ftree-loop-if-convert-stores -march=native -DUSE_ASM -pg  conftest.c >&5
configure:5370: $? = 0
configure:5370: result: yes
configure:5370: checking for inttypes.h
configure:5370: gcc -c -O2  -Ofast -flto -fuse-linker-plugin -ftree-loop-if-convert-stores -march=native -DUSE_ASM -pg  conftest.c >&5
configure:5370: $? = 0
configure:5370: result: yes
configure:5370: checking for stdint.h
configure:5370: gcc -c -O2  -Ofast -flto -fuse-linker-plugin -ftree-loop-if-convert-stores -march=native -DUSE_ASM -pg  conftest.c >&5
configure:5370: $? = 0
configure:5370: result: yes
configure:5370: checking for unistd.h
configure:5370: gcc -c -O2  -Ofast -flto -fuse-linker-plugin -ftree-loop-if-convert-stores -march=native -DUSE_ASM -pg  conftest.c >&5
configure:5370: $? = 0
configure:5370: result: yes
configure:5385: checking sys/endian.h usability
configure:5385: gcc -c -O2  -Ofast -flto -fuse-linker-plugin -ftree-loop-if-convert-stores -march=native -DUSE_ASM -pg  conftest.c >&5
conftest.c:54:24: fatal error: sys/endian.h: No such file or directory
compilation terminated.
configure:5385: $? = 1
configure: failed program was:
| /* confdefs.h */
| #define PACKAGE_NAME "cpuminer-multi"
| #define PACKAGE_TARNAME "cpuminer-multi"
| #define PACKAGE_VERSION "1.3.3"
| #define PACKAGE_STRING "cpuminer-multi 1.3.3"
| #define PACKAGE_BUGREPORT ""
| #define PACKAGE_URL ""
| #define PACKAGE "cpuminer-multi"
| #define VERSION "1.3.3"
| #define STDC_HEADERS 1
| #define HAVE_SYS_TYPES_H 1
| #define HAVE_SYS_STAT_H 1
| #define HAVE_STDLIB_H 1
| #define HAVE_STRING_H 1
| #define HAVE_MEMORY_H 1
| #define HAVE_STRINGS_H 1
| #define HAVE_INTTYPES_H 1
| #define HAVE_STDINT_H 1
| #define HAVE_UNISTD_H 1
| /* end confdefs.h.  */
| #include <stdio.h>
| #ifdef HAVE_SYS_TYPES_H
| # include <sys/types.h>
| #endif
| #ifdef HAVE_SYS_STAT_H
| # include <sys/stat.h>
| #endif
| #ifdef STDC_HEADERS
| # include <stdlib.h>
| # include <stddef.h>
| #else
| # ifdef HAVE_STDLIB_H
| #  include <stdlib.h>
| # endif
| #endif
| #ifdef HAVE_STRING_H
| # if !defined STDC_HEADERS && defined HAVE_MEMORY_H
| #  include <memory.h>
| # endif
| # include <string.h>
| #endif
| #ifdef HAVE_STRINGS_H
| # include <strings.h>
| #endif
| #ifdef HAVE_INTTYPES_H
| # include <inttypes.h>
| #endif
| #ifdef HAVE_STDINT_H
| # include <stdint.h>
| #endif
| #ifdef HAVE_UNISTD_H
| # include <unistd.h>
| #endif
| #include <sys/endian.h>
configure:5385: result: no
configure:5385: checking sys/endian.h presence
configure:5385: gcc -E  conftest.c
conftest.c:21:24: fatal error: sys/endian.h: No such file or directory
compilation terminated.
configure:5385: $? = 1
configure: failed program was:
| /* confdefs.h */
| #define PACKAGE_NAME "cpuminer-multi"
| #define PACKAGE_TARNAME "cpuminer-multi"
| #define PACKAGE_VERSION "1.3.3"
| #define PACKAGE_STRING "cpuminer-multi 1.3.3"
| #define PACKAGE_BUGREPORT ""
| #define PACKAGE_URL ""
| #define PACKAGE "cpuminer-multi"
| #define VERSION "1.3.3"
| #define STDC_HEADERS 1
| #define HAVE_SYS_TYPES_H 1
| #define HAVE_SYS_STAT_H 1
| #define HAVE_STDLIB_H 1
| #define HAVE_STRING_H 1
| #define HAVE_MEMORY_H 1
| #define HAVE_STRINGS_H 1
| #define HAVE_INTTYPES_H 1
| #define HAVE_STDINT_H 1
| #define HAVE_UNISTD_H 1
| /* end confdefs.h.  */
| #include <sys/endian.h>
configure:5385: result: no
configure:5385: checking for sys/endian.h
configure:5385: result: no
configure:5385: checking sys/param.h usability
configure:5385: gcc -c -O2  -Ofast -flto -fuse-linker-plugin -ftree-loop-if-convert-stores -march=native -DUSE_ASM -pg  conftest.c >&5
configure:5385: $? = 0
configure:5385: result: yes
configure:5385: checking sys/param.h presence
configure:5385: gcc -E  conftest.c
configure:5385: $? = 0
configure:5385: result: yes
configure:5385: checking for sys/param.h
configure:5385: result: yes
configure:5385: checking syslog.h usability
configure:5385: gcc -c -O2  -Ofast -flto -fuse-linker-plugin -ftree-loop-if-convert-stores -march=native -DUSE_ASM -pg  conftest.c >&5
configure:5385: $? = 0
configure:5385: result: yes
configure:5385: checking syslog.h presence
configure:5385: gcc -E  conftest.c
configure:5385: $? = 0
configure:5385: result: yes
configure:5385: checking for syslog.h
configure:5385: result: yes
configure:5399: checking for sys/sysctl.h
configure:5399: gcc -c -O2  -Ofast -flto -fuse-linker-plugin -ftree-loop-if-convert-stores -march=native -DUSE_ASM -pg  conftest.c >&5
configure:5399: $? = 0
configure:5399: result: yes
configure:5415: checking whether be32dec is declared
configure:5415: gcc -c -O2  -Ofast -flto -fuse-linker-plugin -ftree-loop-if-convert-stores -march=native -DUSE_ASM -pg  conftest.c >&5
conftest.c: In function 'main':
conftest.c:69:10: error: 'be32dec' undeclared (first use in this function)
   (void) be32dec;
          ^
conftest.c:69:10: note: each undeclared identifier is reported only once for each function it appears in
configure:5415: $? = 1
configure: failed program was:
| /* confdefs.h */
| #define PACKAGE_NAME "cpuminer-multi"
| #define PACKAGE_TARNAME "cpuminer-multi"
| #define PACKAGE_VERSION "1.3.3"
| #define PACKAGE_STRING "cpuminer-multi 1.3.3"
| #define PACKAGE_BUGREPORT ""
| #define PACKAGE_URL ""
| #define PACKAGE "cpuminer-multi"
| #define VERSION "1.3.3"
| #define STDC_HEADERS 1
| #define HAVE_SYS_TYPES_H 1
| #define HAVE_SYS_STAT_H 1
| #define HAVE_STDLIB_H 1
| #define HAVE_STRING_H 1
| #define HAVE_MEMORY_H 1
| #define HAVE_STRINGS_H 1
| #define HAVE_INTTYPES_H 1
| #define HAVE_STDINT_H 1
| #define HAVE_UNISTD_H 1
| #define HAVE_SYS_PARAM_H 1
| #define HAVE_SYSLOG_H 1
| #define HAVE_SYS_SYSCTL_H 1
| /* end confdefs.h.  */
| #include <stdio.h>
| #ifdef HAVE_SYS_TYPES_H
| # include <sys/types.h>
| #endif
| #ifdef HAVE_SYS_STAT_H
| # include <sys/stat.h>
| #endif
| #ifdef STDC_HEADERS
| # include <stdlib.h>
| # include <stddef.h>
| #else
| # ifdef HAVE_STDLIB_H
| #  include <stdlib.h>
| # endif
| #endif
| #ifdef HAVE_STRING_H
| # if !defined STDC_HEADERS && defined HAVE_MEMORY_H
| #  include <memory.h>
| # endif
| # include <string.h>
| #endif
| #ifdef HAVE_STRINGS_H
| # include <strings.h>
| #endif
| #ifdef HAVE_INTTYPES_H
| # include <inttypes.h>
| #endif
| #ifdef HAVE_STDINT_H
| # include <stdint.h>
| #endif
| #ifdef HAVE_UNISTD_H
| # include <unistd.h>
| #endif
| #ifdef HAVE_SYS_ENDIAN_H
| #include <sys/endian.h>
| #endif
| 
| 
| int
| main ()
| {
| #ifndef be32dec
| #ifdef __cplusplus
|   (void) be32dec;
| #else
|   (void) be32dec;
| #endif
| #endif
| 
|   ;
|   return 0;
| }
configure:5415: result: no
configure:5430: checking whether le32dec is declared
configure:5430: gcc -c -O2  -Ofast -flto -fuse-linker-plugin -ftree-loop-if-convert-stores -march=native -DUSE_ASM -pg  conftest.c >&5
conftest.c: In function 'main':
conftest.c:70:10: error: 'le32dec' undeclared (first use in this function)
   (void) le32dec;
          ^
conftest.c:70:10: note: each undeclared identifier is reported only once for each function it appears in
configure:5430: $? = 1
configure: failed program was:
| /* confdefs.h */
| #define PACKAGE_NAME "cpuminer-multi"
| #define PACKAGE_TARNAME "cpuminer-multi"
| #define PACKAGE_VERSION "1.3.3"
| #define PACKAGE_STRING "cpuminer-multi 1.3.3"
| #define PACKAGE_BUGREPORT ""
| #define PACKAGE_URL ""
| #define PACKAGE "cpuminer-multi"
| #define VERSION "1.3.3"
| #define STDC_HEADERS 1
| #define HAVE_SYS_TYPES_H 1
| #define HAVE_SYS_STAT_H 1
| #define HAVE_STDLIB_H 1
| #define HAVE_STRING_H 1
| #define HAVE_MEMORY_H 1
| #define HAVE_STRINGS_H 1
| #define HAVE_INTTYPES_H 1
| #define HAVE_STDINT_H 1
| #define HAVE_UNISTD_H 1
| #define HAVE_SYS_PARAM_H 1
| #define HAVE_SYSLOG_H 1
| #define HAVE_SYS_SYSCTL_H 1
| #define HAVE_DECL_BE32DEC 0
| /* end confdefs.h.  */
| #include <stdio.h>
| #ifdef HAVE_SYS_TYPES_H
| # include <sys/types.h>
| #endif
| #ifdef HAVE_SYS_STAT_H
| # include <sys/stat.h>
| #endif
| #ifdef STDC_HEADERS
| # include <stdlib.h>
| # include <stddef.h>
| #else
| # ifdef HAVE_STDLIB_H
| #  include <stdlib.h>
| # endif
| #endif
| #ifdef HAVE_STRING_H
| # if !defined STDC_HEADERS && defined HAVE_MEMORY_H
| #  include <memory.h>
| # endif
| # include <string.h>
| #endif
| #ifdef HAVE_STRINGS_H
| # include <strings.h>
| #endif
| #ifdef HAVE_INTTYPES_H
| # include <inttypes.h>
| #endif
| #ifdef HAVE_STDINT_H
| # include <stdint.h>
| #endif
| #ifdef HAVE_UNISTD_H
| # include <unistd.h>
| #endif
| #ifdef HAVE_SYS_ENDIAN_H
| #include <sys/endian.h>
| #endif
| 
| 
| int
| main ()
| {
| #ifndef le32dec
| #ifdef __cplusplus
|   (void) le32dec;
| #else
|   (void) le32dec;
| #endif
| #endif
| 
|   ;
|   return 0;
| }
configure:5430: result: no
configure:5445: checking whether be32enc is declared
configure:5445: gcc -c -O2  -Ofast -flto -fuse-linker-plugin -ftree-loop-if-convert-stores -march=native -DUSE_ASM -pg  conftest.c >&5
conftest.c: In function 'main':
conftest.c:71:10: error: 'be32enc' undeclared (first use in this function)
   (void) be32enc;
          ^
conftest.c:71:10: note: each undeclared identifier is reported only once for each function it appears in
configure:5445: $? = 1
configure: failed program was:
| /* confdefs.h */
| #define PACKAGE_NAME "cpuminer-multi"
| #define PACKAGE_TARNAME "cpuminer-multi"
| #define PACKAGE_VERSION "1.3.3"
| #define PACKAGE_STRING "cpuminer-multi 1.3.3"
| #define PACKAGE_BUGREPORT ""
| #define PACKAGE_URL ""
| #define PACKAGE "cpuminer-multi"
| #define VERSION "1.3.3"
| #define STDC_HEADERS 1
| #define HAVE_SYS_TYPES_H 1
| #define HAVE_SYS_STAT_H 1
| #define HAVE_STDLIB_H 1
| #define HAVE_STRING_H 1
| #define HAVE_MEMORY_H 1
| #define HAVE_STRINGS_H 1
| #define HAVE_INTTYPES_H 1
| #define HAVE_STDINT_H 1
| #define HAVE_UNISTD_H 1
| #define HAVE_SYS_PARAM_H 1
| #define HAVE_SYSLOG_H 1
| #define HAVE_SYS_SYSCTL_H 1
| #define HAVE_DECL_BE32DEC 0
| #define HAVE_DECL_LE32DEC 0
| /* end confdefs.h.  */
| #include <stdio.h>
| #ifdef HAVE_SYS_TYPES_H
| # include <sys/types.h>
| #endif
| #ifdef HAVE_SYS_STAT_H
| # include <sys/stat.h>
| #endif
| #ifdef STDC_HEADERS
| # include <stdlib.h>
| # include <stddef.h>
| #else
| # ifdef HAVE_STDLIB_H
| #  include <stdlib.h>
| # endif
| #endif
| #ifdef HAVE_STRING_H
| # if !defined STDC_HEADERS && defined HAVE_MEMORY_H
| #  include <memory.h>
| # endif
| # include <string.h>
| #endif
| #ifdef HAVE_STRINGS_H
| # include <strings.h>
| #endif
| #ifdef HAVE_INTTYPES_H
| # include <inttypes.h>
| #endif
| #ifdef HAVE_STDINT_H
| # include <stdint.h>
| #endif
| #ifdef HAVE_UNISTD_H
| # include <unistd.h>
| #endif
| #ifdef HAVE_SYS_ENDIAN_H
| #include <sys/endian.h>
| #endif
| 
| 
| int
| main ()
| {
| #ifndef be32enc
| #ifdef __cplusplus
|   (void) be32enc;
| #else
|   (void) be32enc;
| #endif
| #endif
| 
|   ;
|   return 0;
| }
configure:5445: result: no
configure:5460: checking whether le32enc is declared
configure:5460: gcc -c -O2  -Ofast -flto -fuse-linker-plugin -ftree-loop-if-convert-stores -march=native -DUSE_ASM -pg  conftest.c >&5
conftest.c: In function 'main':
conftest.c:72:10: error: 'le32enc' undeclared (first use in this function)
   (void) le32enc;
          ^
conftest.c:72:10: note: each undeclared identifier is reported only once for each function it appears in
configure:5460: $? = 1
configure: failed program was:
| /* confdefs.h */
| #define PACKAGE_NAME "cpuminer-multi"
| #define PACKAGE_TARNAME "cpuminer-multi"
| #define PACKAGE_VERSION "1.3.3"
| #define PACKAGE_STRING "cpuminer-multi 1.3.3"
| #define PACKAGE_BUGREPORT ""
| #define PACKAGE_URL ""
| #define PACKAGE "cpuminer-multi"
| #define VERSION "1.3.3"
| #define STDC_HEADERS 1
| #define HAVE_SYS_TYPES_H 1
| #define HAVE_SYS_STAT_H 1
| #define HAVE_STDLIB_H 1
| #define HAVE_STRING_H 1
| #define HAVE_MEMORY_H 1
| #define HAVE_STRINGS_H 1
| #define HAVE_INTTYPES_H 1
| #define HAVE_STDINT_H 1
| #define HAVE_UNISTD_H 1
| #define HAVE_SYS_PARAM_H 1
| #define HAVE_SYSLOG_H 1
| #define HAVE_SYS_SYSCTL_H 1
| #define HAVE_DECL_BE32DEC 0
| #define HAVE_DECL_LE32DEC 0
| #define HAVE_DECL_BE32ENC 0
| /* end confdefs.h.  */
| #include <stdio.h>
| #ifdef HAVE_SYS_TYPES_H
| # include <sys/types.h>
| #endif
| #ifdef HAVE_SYS_STAT_H
| # include <sys/stat.h>
| #endif
| #ifdef STDC_HEADERS
| # include <stdlib.h>
| # include <stddef.h>
| #else
| # ifdef HAVE_STDLIB_H
| #  include <stdlib.h>
| # endif
| #endif
| #ifdef HAVE_STRING_H
| # if !defined STDC_HEADERS && defined HAVE_MEMORY_H
| #  include <memory.h>
| # endif
| # include <string.h>
| #endif
| #ifdef HAVE_STRINGS_H
| # include <strings.h>
| #endif
| #ifdef HAVE_INTTYPES_H
| # include <inttypes.h>
| #endif
| #ifdef HAVE_STDINT_H
| # include <stdint.h>
| #endif
| #ifdef HAVE_UNISTD_H
| # include <unistd.h>
| #endif
| #ifdef HAVE_SYS_ENDIAN_H
| #include <sys/endian.h>
| #endif
| 
| 
| int
| main ()
| {
| #ifndef le32enc
| #ifdef __cplusplus
|   (void) le32enc;
| #else
|   (void) le32enc;
| #endif
| #endif
| 
|   ;
|   return 0;
| }
configure:5460: result: no
configure:5475: checking whether le16dec is declared
configure:5475: gcc -c -O2  -Ofast -flto -fuse-linker-plugin -ftree-loop-if-convert-stores -march=native -DUSE_ASM -pg  conftest.c >&5
conftest.c: In function 'main':
conftest.c:73:10: error: 'le16dec' undeclared (first use in this function)
   (void) le16dec;
          ^
conftest.c:73:10: note: each undeclared identifier is reported only once for each function it appears in
configure:5475: $? = 1
configure: failed program was:
| /* confdefs.h */
| #define PACKAGE_NAME "cpuminer-multi"
| #define PACKAGE_TARNAME "cpuminer-multi"
| #define PACKAGE_VERSION "1.3.3"
| #define PACKAGE_STRING "cpuminer-multi 1.3.3"
| #define PACKAGE_BUGREPORT ""
| #define PACKAGE_URL ""
| #define PACKAGE "cpuminer-multi"
| #define VERSION "1.3.3"
| #define STDC_HEADERS 1
| #define HAVE_SYS_TYPES_H 1
| #define HAVE_SYS_STAT_H 1
| #define HAVE_STDLIB_H 1
| #define HAVE_STRING_H 1
| #define HAVE_MEMORY_H 1
| #define HAVE_STRINGS_H 1
| #define HAVE_INTTYPES_H 1
| #define HAVE_STDINT_H 1
| #define HAVE_UNISTD_H 1
| #define HAVE_SYS_PARAM_H 1
| #define HAVE_SYSLOG_H 1
| #define HAVE_SYS_SYSCTL_H 1
| #define HAVE_DECL_BE32DEC 0
| #define HAVE_DECL_LE32DEC 0
| #define HAVE_DECL_BE32ENC 0
| #define HAVE_DECL_LE32ENC 0
| /* end confdefs.h.  */
| #include <stdio.h>
| #ifdef HAVE_SYS_TYPES_H
| # include <sys/types.h>
| #endif
| #ifdef HAVE_SYS_STAT_H
| # include <sys/stat.h>
| #endif
| #ifdef STDC_HEADERS
| # include <stdlib.h>
| # include <stddef.h>
| #else
| # ifdef HAVE_STDLIB_H
| #  include <stdlib.h>
| # endif
| #endif
| #ifdef HAVE_STRING_H
| # if !defined STDC_HEADERS && defined HAVE_MEMORY_H
| #  include <memory.h>
| # endif
| # include <string.h>
| #endif
| #ifdef HAVE_STRINGS_H
| # include <strings.h>
| #endif
| #ifdef HAVE_INTTYPES_H
| # include <inttypes.h>
| #endif
| #ifdef HAVE_STDINT_H
| # include <stdint.h>
| #endif
| #ifdef HAVE_UNISTD_H
| # include <unistd.h>
| #endif
| #ifdef HAVE_SYS_ENDIAN_H
| #include <sys/endian.h>
| #endif
| 
| 
| int
| main ()
| {
| #ifndef le16dec
| #ifdef __cplusplus
|   (void) le16dec;
| #else
|   (void) le16dec;
| #endif
| #endif
| 
|   ;
|   return 0;
| }
configure:5475: result: no
configure:5490: checking whether le16enc is declared
configure:5490: gcc -c -O2  -Ofast -flto -fuse-linker-plugin -ftree-loop-if-convert-stores -march=native -DUSE_ASM -pg  conftest.c >&5
conftest.c: In function 'main':
conftest.c:74:10: error: 'le16enc' undeclared (first use in this function)
   (void) le16enc;
          ^
conftest.c:74:10: note: each undeclared identifier is reported only once for each function it appears in
configure:5490: $? = 1
configure: failed program was:
| /* confdefs.h */
| #define PACKAGE_NAME "cpuminer-multi"
| #define PACKAGE_TARNAME "cpuminer-multi"
| #define PACKAGE_VERSION "1.3.3"
| #define PACKAGE_STRING "cpuminer-multi 1.3.3"
| #define PACKAGE_BUGREPORT ""
| #define PACKAGE_URL ""
| #define PACKAGE "cpuminer-multi"
| #define VERSION "1.3.3"
| #define STDC_HEADERS 1
| #define HAVE_SYS_TYPES_H 1
| #define HAVE_SYS_STAT_H 1
| #define HAVE_STDLIB_H 1
| #define HAVE_STRING_H 1
| #define HAVE_MEMORY_H 1
| #define HAVE_STRINGS_H 1
| #define HAVE_INTTYPES_H 1
| #define HAVE_STDINT_H 1
| #define HAVE_UNISTD_H 1
| #define HAVE_SYS_PARAM_H 1
| #define HAVE_SYSLOG_H 1
| #define HAVE_SYS_SYSCTL_H 1
| #define HAVE_DECL_BE32DEC 0
| #define HAVE_DECL_LE32DEC 0
| #define HAVE_DECL_BE32ENC 0
| #define HAVE_DECL_LE32ENC 0
| #define HAVE_DECL_LE16DEC 0
| /* end confdefs.h.  */
| #include <stdio.h>
| #ifdef HAVE_SYS_TYPES_H
| # include <sys/types.h>
| #endif
| #ifdef HAVE_SYS_STAT_H
| # include <sys/stat.h>
| #endif
| #ifdef STDC_HEADERS
| # include <stdlib.h>
| # include <stddef.h>
| #else
| # ifdef HAVE_STDLIB_H
| #  include <stdlib.h>
| # endif
| #endif
| #ifdef HAVE_STRING_H
| # if !defined STDC_HEADERS && defined HAVE_MEMORY_H
| #  include <memory.h>
| # endif
| # include <string.h>
| #endif
| #ifdef HAVE_STRINGS_H
| # include <strings.h>
| #endif
| #ifdef HAVE_INTTYPES_H
| # include <inttypes.h>
| #endif
| #ifdef HAVE_STDINT_H
| # include <stdint.h>
| #endif
| #ifdef HAVE_UNISTD_H
| # include <unistd.h>
| #endif
| #ifdef HAVE_SYS_ENDIAN_H
| #include <sys/endian.h>
| #endif
| 
| 
| int
| main ()
| {
| #ifndef le16enc
| #ifdef __cplusplus
|   (void) le16enc;
| #else
|   (void) le16enc;
| #endif
| #endif
| 
|   ;
|   return 0;
| }
configure:5490: result: no
configure:5507: checking for size_t
configure:5507: gcc -c -O2  -Ofast -flto -fuse-linker-plugin -ftree-loop-if-convert-stores -march=native -DUSE_ASM -pg  conftest.c >&5
configure:5507: $? = 0
configure:5507: gcc -c -O2  -Ofast -flto -fuse-linker-plugin -ftree-loop-if-convert-stores -march=native -DUSE_ASM -pg  conftest.c >&5
conftest.c: In function 'main':
conftest.c:66:21: error: expected expression before ')' token
 if (sizeof ((size_t)))
                     ^
configure:5507: $? = 1
configure: failed program was:
| /* confdefs.h */
| #define PACKAGE_NAME "cpuminer-multi"
| #define PACKAGE_TARNAME "cpuminer-multi"
| #define PACKAGE_VERSION "1.3.3"
| #define PACKAGE_STRING "cpuminer-multi 1.3.3"
| #define PACKAGE_BUGREPORT ""
| #define PACKAGE_URL ""
| #define PACKAGE "cpuminer-multi"
| #define VERSION "1.3.3"
| #define STDC_HEADERS 1
| #define HAVE_SYS_TYPES_H 1
| #define HAVE_SYS_STAT_H 1
| #define HAVE_STDLIB_H 1
| #define HAVE_STRING_H 1
| #define HAVE_MEMORY_H 1
| #define HAVE_STRINGS_H 1
| #define HAVE_INTTYPES_H 1
| #define HAVE_STDINT_H 1
| #define HAVE_UNISTD_H 1
| #define HAVE_SYS_PARAM_H 1
| #define HAVE_SYSLOG_H 1
| #define HAVE_SYS_SYSCTL_H 1
| #define HAVE_DECL_BE32DEC 0
| #define HAVE_DECL_LE32DEC 0
| #define HAVE_DECL_BE32ENC 0
| #define HAVE_DECL_LE32ENC 0
| #define HAVE_DECL_LE16DEC 0
| #define HAVE_DECL_LE16ENC 0
| /* end confdefs.h.  */
| #include <stdio.h>
| #ifdef HAVE_SYS_TYPES_H
| # include <sys/types.h>
| #endif
| #ifdef HAVE_SYS_STAT_H
| # include <sys/stat.h>
| #endif
| #ifdef STDC_HEADERS
| # include <stdlib.h>
| # include <stddef.h>
| #else
| # ifdef HAVE_STDLIB_H
| #  include <stdlib.h>
| # endif
| #endif
| #ifdef HAVE_STRING_H
| # if !defined STDC_HEADERS && defined HAVE_MEMORY_H
| #  include <memory.h>
| # endif
| # include <string.h>
| #endif
| #ifdef HAVE_STRINGS_H
| # include <strings.h>
| #endif
| #ifdef HAVE_INTTYPES_H
| # include <inttypes.h>
| #endif
| #ifdef HAVE_STDINT_H
| # include <stdint.h>
| #endif
| #ifdef HAVE_UNISTD_H
| # include <unistd.h>
| #endif
| int
| main ()
| {
| if (sizeof ((size_t)))
| 	    return 0;
|   ;
|   return 0;
| }
configure:5507: result: yes
configure:5520: checking for working alloca.h
configure:5537: gcc -o conftest -O2  -Ofast -flto -fuse-linker-plugin -ftree-loop-if-convert-stores -march=native -DUSE_ASM -pg   conftest.c  >&5
configure:5537: $? = 0
configure:5545: result: yes
configure:5553: checking for alloca
configure:5590: gcc -o conftest -O2  -Ofast -flto -fuse-linker-plugin -ftree-loop-if-convert-stores -march=native -DUSE_ASM -pg   conftest.c  >&5
configure:5590: $? = 0
configure:5598: result: yes
configure:5706: checking for getopt_long
configure:5706: gcc -o conftest -O2  -Ofast -flto -fuse-linker-plugin -ftree-loop-if-convert-stores -march=native -DUSE_ASM -pg   conftest.c  >&5
configure:5706: $? = 0
configure:5706: result: yes
configure:5760: checking whether we can compile AVX code
configure:5773: gcc -c -O2  -Ofast -flto -fuse-linker-plugin -ftree-loop-if-convert-stores -march=native -DUSE_ASM -pg  conftest.c >&5
configure:5773: $? = 0
configure:5777: result: yes
configure:5779: checking whether we can compile XOP code
configure:5792: gcc -c -O2  -Ofast -flto -fuse-linker-plugin -ftree-loop-if-convert-stores -march=native -DUSE_ASM -pg  conftest.c >&5
configure:5792: $? = 0
configure:5796: result: yes
configure:5807: checking whether we can compile AVX2 code
configure:5820: gcc -c -O2  -Ofast -flto -fuse-linker-plugin -ftree-loop-if-convert-stores -march=native -DUSE_ASM -pg  conftest.c >&5
configure:5820: $? = 0
configure:5824: result: yes
configure:5846: checking for json_loads in -ljansson
configure:5871: gcc -o conftest -O2  -Ofast -flto -fuse-linker-plugin -ftree-loop-if-convert-stores -march=native -DUSE_ASM -pg   conftest.c -ljansson   >&5
configure:5871: $? = 0
configure:5880: result: yes
configure:5933: checking for pthread_create in -lpthread
configure:5958: gcc -o conftest -O2  -Ofast -flto -fuse-linker-plugin -ftree-loop-if-convert-stores -march=native -DUSE_ASM -pg   conftest.c -lpthread   >&5
configure:5958: $? = 0
configure:5967: result: yes
configure:5978: checking whether __uint128_t is supported
configure:5991: gcc -c -O2  -Ofast -flto -fuse-linker-plugin -ftree-loop-if-convert-stores -march=native -DUSE_ASM -pg  conftest.c >&5
configure:5991: $? = 0
configure:5995: result: yes
configure:6103: checking for gzopen in -lz
configure:6128: gcc -o conftest -O2  -Ofast -flto -fuse-linker-plugin -ftree-loop-if-convert-stores -march=native -DUSE_ASM -pg  -Iyes/include -Iyes/include   -Iyes/include -Iyes/include   -Lyes/lib -Lyes/lib  conftest.c -lz   >&5
configure:6128: $? = 0
configure:6137: result: yes
configure:6148: checking for EVP_DigestFinal_ex in -lcrypto
configure:6173: gcc -o conftest -O2  -Ofast -flto -fuse-linker-plugin -ftree-loop-if-convert-stores -march=native -DUSE_ASM -pg  -Iyes/include -Iyes/include   -Iyes/include -Iyes/include   -Lyes/lib -Lyes/lib  conftest.c -lcrypto  -lz  >&5
configure:6173: $? = 0
configure:6182: result: yes
configure:6190: checking for SSL_free in -lssl
configure:6215: gcc -o conftest -O2  -Ofast -flto -fuse-linker-plugin -ftree-loop-if-convert-stores -march=native -DUSE_ASM -pg  -Iyes/include -Iyes/include   -Iyes/include -Iyes/include   -Lyes/lib -Lyes/lib  conftest.c -lssl  -lz  >&5
configure:6215: $? = 0
configure:6224: result: yes
configure:6361: checking that generated files are newer than configure
configure:6367: result: done
configure:6430: creating ./config.status

## ---------------------- ##
## Running config.status. ##
## ---------------------- ##

This file was extended by cpuminer-multi config.status 1.3.3, which was
generated by GNU Autoconf 2.69.  Invocation command line was

  CONFIG_FILES    = 
  CONFIG_HEADERS  = 
  CONFIG_LINKS    = 
  CONFIG_COMMANDS = 
  $ ./config.status 

on vuongtrung-VirtualBox

config.status:922: creating Makefile
config.status:922: creating compat/Makefile
config.status:922: creating compat/jansson/Makefile
config.status:922: creating cpuminer-config.h
config.status:1103: cpuminer-config.h is unchanged
config.status:1151: executing depfiles commands

## ---------------- ##
## Cache variables. ##
## ---------------- ##

ac_cv_build=x86_64-pc-linux-gnu
ac_cv_c_compiler_gnu=yes
ac_cv_cxx_compiler_gnu=yes
ac_cv_env_CCASFLAGS_set=
ac_cv_env_CCASFLAGS_value=
ac_cv_env_CCAS_set=
ac_cv_env_CCAS_value=
ac_cv_env_CCC_set=
ac_cv_env_CCC_value=
ac_cv_env_CC_set=
ac_cv_env_CC_value=
ac_cv_env_CFLAGS_set=set
ac_cv_env_CFLAGS_value='-O2  -Ofast -flto -fuse-linker-plugin -ftree-loop-if-convert-stores -march=native -DUSE_ASM -pg'
ac_cv_env_CPPFLAGS_set=
ac_cv_env_CPPFLAGS_value=
ac_cv_env_CPP_set=
ac_cv_env_CPP_value=
ac_cv_env_CXXFLAGS_set=
ac_cv_env_CXXFLAGS_value=
ac_cv_env_CXX_set=
ac_cv_env_CXX_value=
ac_cv_env_LDFLAGS_set=
ac_cv_env_LDFLAGS_value=
ac_cv_env_LIBS_set=
ac_cv_env_LIBS_value=
ac_cv_env_build_alias_set=
ac_cv_env_build_alias_value=
ac_cv_env_host_alias_set=
ac_cv_env_host_alias_value=
ac_cv_env_target_alias_set=
ac_cv_env_target_alias_value=
ac_cv_func_alloca_works=yes
ac_cv_func_getopt_long=yes
ac_cv_have_decl_be32dec=no
ac_cv_have_decl_be32enc=no
ac_cv_have_decl_le16dec=no
ac_cv_have_decl_le16enc=no
ac_cv_have_decl_le32dec=no
ac_cv_have_decl_le32enc=no
ac_cv_header_inttypes_h=yes
ac_cv_header_memory_h=yes
ac_cv_header_stdc=yes
ac_cv_header_stdint_h=yes
ac_cv_header_stdlib_h=yes
ac_cv_header_string_h=yes
ac_cv_header_strings_h=yes
ac_cv_header_sys_endian_h=no
ac_cv_header_sys_param_h=yes
ac_cv_header_sys_stat_h=yes
ac_cv_header_sys_sysctl_h=yes
ac_cv_header_sys_types_h=yes
ac_cv_header_syslog_h=yes
ac_cv_header_unistd_h=yes
ac_cv_host=x86_64-pc-linux-gnu
ac_cv_lib_crypto_EVP_DigestFinal_ex=yes
ac_cv_lib_jansson_json_loads=yes
ac_cv_lib_pthread_pthread_create=yes
ac_cv_lib_ssl_SSL_free=yes
ac_cv_lib_z_gzopen=yes
ac_cv_objext=o
ac_cv_path_EGREP='/bin/grep -E'
ac_cv_path_GREP=/bin/grep
ac_cv_path_install='/usr/bin/install -c'
ac_cv_path_mkdir=/bin/mkdir
ac_cv_prog_AWK=mawk
ac_cv_prog_CPP='gcc -E'
ac_cv_prog_ac_ct_CC=gcc
ac_cv_prog_ac_ct_CXX=g++
ac_cv_prog_ac_ct_RANLIB=ranlib
ac_cv_prog_cc_c89=
ac_cv_prog_cc_c99=
ac_cv_prog_cc_g=yes
ac_cv_prog_cxx_g=yes
ac_cv_prog_gcc_traditional=no
ac_cv_prog_make_make_set=yes
ac_cv_target=x86_64-pc-linux-gnu
ac_cv_type_size_t=yes
ac_cv_working_alloca_h=yes
am_cv_CCAS_dependencies_compiler_type=gcc3
am_cv_CC_dependencies_compiler_type=gcc3
am_cv_CXX_dependencies_compiler_type=gcc3
am_cv_make_support_nested_variables=yes
am_cv_prog_cc_c_o=yes

## ----------------- ##
## Output variables. ##
## ----------------- ##

ACLOCAL='${SHELL} /home/vuongtrung/cpuminer-multi/missing aclocal-1.15'
ALLOCA=''
AMDEPBACKSLASH='\'
AMDEP_FALSE='#'
AMDEP_TRUE=''
AMTAR='$${TAR-tar}'
AM_BACKSLASH='\'
AM_DEFAULT_V='$(AM_DEFAULT_VERBOSITY)'
AM_DEFAULT_VERBOSITY='1'
AM_V='$(V)'
ARCH_ARM_FALSE=''
ARCH_ARM_TRUE='#'
ARCH_x86_64_FALSE='#'
ARCH_x86_64_TRUE=''
ARCH_x86_FALSE=''
ARCH_x86_TRUE='#'
AUTOCONF='${SHELL} /home/vuongtrung/cpuminer-multi/missing autoconf'
AUTOHEADER='${SHELL} /home/vuongtrung/cpuminer-multi/missing autoheader'
AUTOMAKE='${SHELL} /home/vuongtrung/cpuminer-multi/missing automake-1.15'
AWK='mawk'
CC='gcc'
CCAS='gcc'
CCASDEPMODE='depmode=gcc3'
CCASFLAGS='-O2  -Ofast -flto -fuse-linker-plugin -ftree-loop-if-convert-stores -march=native -DUSE_ASM -pg'
CCDEPMODE='depmode=gcc3'
CFLAGS='-O2  -Ofast -flto -fuse-linker-plugin -ftree-loop-if-convert-stores -march=native -DUSE_ASM -pg  -Iyes/include -Iyes/include'
CPP='gcc -E'
CPPFLAGS='  -Iyes/include -Iyes/include'
CXX='g++'
CXXDEPMODE='depmode=gcc3'
CXXFLAGS='-g -O2'
CYGPATH_W='echo'
DEFS='-DHAVE_CONFIG_H'
DEPDIR='.deps'
ECHO_C=''
ECHO_N='-n'
ECHO_T=''
EGREP='/bin/grep -E'
EXEEXT=''
GREP='/bin/grep'
HAVE_WINDOWS_FALSE=''
HAVE_WINDOWS_TRUE='#'
INSTALL_DATA='${INSTALL} -m 644'
INSTALL_PROGRAM='${INSTALL}'
INSTALL_SCRIPT='${INSTALL}'
INSTALL_STRIP_PROGRAM='$(install_sh) -c -s'
JANSSON_LIBS='-ljansson'
LDFLAGS='  -Lyes/lib -Lyes/lib '
LIBCURL='-lcurl -lz -lssl -lcrypto'
LIBCURL_CFLAGS=' -Iyes/include -Iyes/include'
LIBCURL_CPPFLAGS=' -Iyes/include -Iyes/include'
LIBOBJS=''
LIBS='-lz '
LTLIBOBJS=''
MAINT='#'
MAINTAINER_MODE_FALSE=''
MAINTAINER_MODE_TRUE='#'
MAKEINFO='${SHELL} /home/vuongtrung/cpuminer-multi/missing makeinfo'
MINGW_FALSE=''
MINGW_TRUE='#'
MKDIR_P='/bin/mkdir -p'
OBJEXT='o'
PACKAGE='cpuminer-multi'
PACKAGE_BUGREPORT=''
PACKAGE_NAME='cpuminer-multi'
PACKAGE_STRING='cpuminer-multi 1.3.3'
PACKAGE_TARNAME='cpuminer-multi'
PACKAGE_URL=''
PACKAGE_VERSION='1.3.3'
PATH_SEPARATOR=':'
PTHREAD_FLAGS=''
PTHREAD_LIBS='-lpthread'
RANLIB='ranlib'
SET_MAKE=''
SHELL='/bin/bash'
STRIP=''
USE_ASM_FALSE='#'
USE_ASM_TRUE=''
VERSION='1.3.3'
WANT_JANSSON_FALSE=''
WANT_JANSSON_TRUE='#'
WS2_LIBS=''
ac_ct_CC='gcc'
ac_ct_CXX='g++'
am__EXEEXT_FALSE=''
am__EXEEXT_TRUE='#'
am__fastdepCCAS_FALSE='#'
am__fastdepCCAS_TRUE=''
am__fastdepCC_FALSE='#'
am__fastdepCC_TRUE=''
am__fastdepCXX_FALSE='#'
am__fastdepCXX_TRUE=''
am__include='include'
am__isrc=''
am__leading_dot='.'
am__nodep='_no'
am__quote=''
am__tar='$${TAR-tar} chof - "$$tardir"'
am__untar='$${TAR-tar} xf -'
bindir='${exec_prefix}/bin'
build='x86_64-pc-linux-gnu'
build_alias=''
build_cpu='x86_64'
build_os='linux-gnu'
build_vendor='pc'
datadir='${datarootdir}'
datarootdir='${prefix}/share'
docdir='${datarootdir}/doc/${PACKAGE_TARNAME}'
dvidir='${docdir}'
exec_prefix='${prefix}'
host='x86_64-pc-linux-gnu'
host_alias=''
host_cpu='x86_64'
host_os='linux-gnu'
host_vendor='pc'
htmldir='${docdir}'
includedir='${prefix}/include'
infodir='${datarootdir}/info'
install_sh='${SHELL} /home/vuongtrung/cpuminer-multi/install-sh'
libdir='${exec_prefix}/lib'
libexecdir='${exec_prefix}/libexec'
localedir='${datarootdir}/locale'
localstatedir='${prefix}/var'
mandir='${datarootdir}/man'
mkdir_p='$(MKDIR_P)'
oldincludedir='/usr/include'
pdfdir='${docdir}'
prefix='/usr/local'
program_transform_name='s,x,x,'
psdir='${docdir}'
runstatedir='${localstatedir}/run'
sbindir='${exec_prefix}/sbin'
sharedstatedir='${prefix}/com'
sysconfdir='${prefix}/etc'
target='x86_64-pc-linux-gnu'
target_alias=''
target_cpu='x86_64'
target_os='linux-gnu'
target_vendor='pc'

## ----------- ##
## confdefs.h. ##
## ----------- ##

/* confdefs.h */
#define PACKAGE_NAME "cpuminer-multi"
#define PACKAGE_TARNAME "cpuminer-multi"
#define PACKAGE_VERSION "1.3.3"
#define PACKAGE_STRING "cpuminer-multi 1.3.3"
#define PACKAGE_BUGREPORT ""
#define PACKAGE_URL ""
#define PACKAGE "cpuminer-multi"
#define VERSION "1.3.3"
#define STDC_HEADERS 1
#define HAVE_SYS_TYPES_H 1
#define HAVE_SYS_STAT_H 1
#define HAVE_STDLIB_H 1
#define HAVE_STRING_H 1
#define HAVE_MEMORY_H 1
#define HAVE_STRINGS_H 1
#define HAVE_INTTYPES_H 1
#define HAVE_STDINT_H 1
#define HAVE_UNISTD_H 1
#define HAVE_SYS_PARAM_H 1
#define HAVE_SYSLOG_H 1
#define HAVE_SYS_SYSCTL_H 1
#define HAVE_DECL_BE32DEC 0
#define HAVE_DECL_LE32DEC 0
#define HAVE_DECL_BE32ENC 0
#define HAVE_DECL_LE32ENC 0
#define HAVE_DECL_LE16DEC 0
#define HAVE_DECL_LE16ENC 0
#define HAVE_ALLOCA_H 1
#define HAVE_ALLOCA 1
#define HAVE_GETOPT_LONG 1
#define USE_ASM 1
#define USE_AVX 1
#define USE_XOP 1
#define USE_AVX2 1
#define USE_INT128 1
#define HAVE_LIBZ 1

configure: exit 0
